<?xml version="1.0" encoding="UTF-8"?>
<testng-results ignored="0" total="1" passed="1" failed="0" skipped="0">
  <reporter-output>
  </reporter-output>
  <suite started-at="2024-03-24T00:26:57 IST" name="Default suite" finished-at="2024-03-24T00:27:20 IST" duration-ms="22237">
    <groups>
    </groups>
    <test started-at="2024-03-24T00:26:57 IST" name="Default test" finished-at="2024-03-24T00:27:20 IST" duration-ms="22237">
      <class name="com.orangehrm.WebTables">
        <test-method is-config="true" signature="beforeTest()[pri:0, instance:com.orangehrm.WebTables@e350b40]" started-at="2024-03-24T00:26:57 IST" name="beforeTest" finished-at="2024-03-24T00:27:15 IST" duration-ms="17642" status="PASS">
          <reporter-output>
          </reporter-output>
        </test-method> <!-- beforeTest -->
        <test-method signature="f()[pri:0, instance:com.orangehrm.WebTables@e350b40]" started-at="2024-03-24T00:27:15 IST" name="f" finished-at="2024-03-24T00:27:17 IST" duration-ms="1889" status="PASS">
          <reporter-output>
          </reporter-output>
        </test-method> <!-- f -->
        <test-method is-config="true" signature="afterTest()[pri:0, instance:com.orangehrm.WebTables@e350b40]" started-at="2024-03-24T00:27:17 IST" name="afterTest" finished-at="2024-03-24T00:27:20 IST" duration-ms="2625" status="PASS">
          <reporter-output>
          </reporter-output>
        </test-method> <!-- afterTest -->
      </class> <!-- com.orangehrm.WebTables -->
    </test> <!-- Default test -->
  </suite> <!-- Default suite -->
</testng-results>
